<?xml version="1.0" encoding="UTF-8"?>
<!-- Generated by org.testng.reporters.JUnitXMLReporter -->
<testsuite ignored="0" hostname="USBLRSOMEGHANA1" failures="2" tests="11" name="Test" time="137.654" errors="0" timestamp="2023-05-18T16:43:10 IST">
  <testcase classname="com.usga.qa.tests.AndroidPlayerSearch" name="testGetStartedButton_Android" time="9.727"/>
  <testcase classname="com.usga.qa.tests.AndroidPlayerSearch" name="selectPermissionsButton_Android" time="6.521"/>
  <testcase classname="com.usga.qa.tests.AndroidPlayerSearch" name="selectChampionship_Android" time="18.95"/>
  <testcase classname="com.usga.qa.tests.IOSPlayerSearch" name="testGetStartedButton_IOS" time="6.923"/>
  <testcase classname="com.usga.qa.tests.IOSPlayerSearch" name="selectPermissionsButton_IOS" time="13.499"/>
  <testcase classname="com.usga.qa.tests.AndroidPlayerSearch" name="enterPlayerName_Android" time="27.741"/>
  <testcase classname="com.usga.qa.tests.IOSPlayerSearch" name="selectChampionship_IOS" time="18.61"/>
  <testcase classname="com.usga.qa.tests.IOSPlayerSearch" name="enterPlayerName_IOS" time="20.725"/>
  <testcase classname="com.usga.qa.tests.IOSPlayerSearch" name="FavPlayer_and_VerifyScorecardData_IOS" time="10.222">
    <failure type="org.openqa.selenium.NoSuchElementException" message="An element could not be located on the page using the given search parameters.
For documentation on this error, please visit: https://selenium.dev/exceptions/#no_such_element
Build info: version: &amp;apos;4.6.0&amp;apos;, revision: &amp;apos;79f1c02ae20&amp;apos;
System info: os.name: &amp;apos;Mac OS X&amp;apos;, os.arch: &amp;apos;x86_64&amp;apos;, os.version: &amp;apos;13.3.1&amp;apos;, java.version: &amp;apos;19.0.1&amp;apos;
Driver info: io.appium.java_client.android.AndroidDriver
Command: [de5c8ef1-0e5f-46b9-afe6-015c582c043b, findElement {using=xpath, value=//XCUIElementTypeButton[@name=&amp;quot;Favorite player Unchecked&amp;quot;]}]
Capabilities {appium:appActivity: org.usga.ui.MainComposeActi..., appium:appPackage: org.usga.qa, appium:automationName: UiAutomator2, appium:databaseEnabled: false, appium:desired: {appActivity: org.usga.ui.MainComposeActi..., appPackage: org.usga.qa, automationName: UiAutomator2, deviceName: SM-G973F, platformName: android, platformVersion: 9}, appium:deviceApiLevel: 28, appium:deviceManufacturer: samsung, appium:deviceModel: SM-G973F, appium:deviceName: RZ8M31132JF, appium:deviceScreenDensity: 411, appium:deviceScreenSize: 1080x2280, appium:deviceUDID: RZ8M31132JF, appium:javascriptEnabled: true, appium:locationContextEnabled: false, appium:networkConnectionEnabled: true, appium:pixelRatio: 2.5687501, appium:platformVersion: 9, appium:statBarHeight: 112, appium:takesScreenshot: true, appium:viewportRect: {height: 1933, left: 0, top: 112, width: 1080}, appium:warnings: {}, appium:webStorageEnabled: false, platformName: ANDROID}
Session ID: de5c8ef1-0e5f-46b9-afe6-015c582c043b">
      <![CDATA[org.openqa.selenium.NoSuchElementException: An element could not be located on the page using the given search parameters.
For documentation on this error, please visit: https://selenium.dev/exceptions/#no_such_element
Build info: version: '4.6.0', revision: '79f1c02ae20'
System info: os.name: 'Mac OS X', os.arch: 'x86_64', os.version: '13.3.1', java.version: '19.0.1'
Driver info: io.appium.java_client.android.AndroidDriver
Command: [de5c8ef1-0e5f-46b9-afe6-015c582c043b, findElement {using=xpath, value=//XCUIElementTypeButton[@name="Favorite player Unchecked"]}]
Capabilities {appium:appActivity: org.usga.ui.MainComposeActi..., appium:appPackage: org.usga.qa, appium:automationName: UiAutomator2, appium:databaseEnabled: false, appium:desired: {appActivity: org.usga.ui.MainComposeActi..., appPackage: org.usga.qa, automationName: UiAutomator2, deviceName: SM-G973F, platformName: android, platformVersion: 9}, appium:deviceApiLevel: 28, appium:deviceManufacturer: samsung, appium:deviceModel: SM-G973F, appium:deviceName: RZ8M31132JF, appium:deviceScreenDensity: 411, appium:deviceScreenSize: 1080x2280, appium:deviceUDID: RZ8M31132JF, appium:javascriptEnabled: true, appium:locationContextEnabled: false, appium:networkConnectionEnabled: true, appium:pixelRatio: 2.5687501, appium:platformVersion: 9, appium:statBarHeight: 112, appium:takesScreenshot: true, appium:viewportRect: {height: 1933, left: 0, top: 112, width: 1080}, appium:warnings: {}, appium:webStorageEnabled: false, platformName: ANDROID}
Session ID: de5c8ef1-0e5f-46b9-afe6-015c582c043b
at org.openqa.selenium.remote.codec.w3c.W3CHttpResponseCodec.createException(W3CHttpResponseCodec.java:200)
at org.openqa.selenium.remote.codec.w3c.W3CHttpResponseCodec.decode(W3CHttpResponseCodec.java:133)
at org.openqa.selenium.remote.codec.w3c.W3CHttpResponseCodec.decode(W3CHttpResponseCodec.java:53)
at org.openqa.selenium.remote.HttpCommandExecutor.execute(HttpCommandExecutor.java:184)
at io.appium.java_client.remote.AppiumCommandExecutor.execute(AppiumCommandExecutor.java:189)
at org.openqa.selenium.remote.RemoteWebDriver.execute(RemoteWebDriver.java:541)
at org.openqa.selenium.remote.ElementLocation$ElementFinder$2.findElement(ElementLocation.java:162)
at org.openqa.selenium.remote.ElementLocation.findElement(ElementLocation.java:60)
at org.openqa.selenium.remote.RemoteWebDriver.findElement(RemoteWebDriver.java:365)
at org.openqa.selenium.remote.RemoteWebDriver.findElement(RemoteWebDriver.java:357)
at org.openqa.selenium.support.pagefactory.DefaultElementLocator.findElement(DefaultElementLocator.java:70)
at org.openqa.selenium.support.pagefactory.internal.LocatingElementHandler.invoke(LocatingElementHandler.java:39)
at jdk.proxy2/jdk.proxy2.$Proxy15.click(Unknown Source)
at com.usga.qa.iosscreens.VerifyScorecardData.favsearchedplayer(VerifyScorecardData.java:43)
at com.usga.qa.tests.IOSPlayerSearch.FavPlayer_and_VerifyScorecardData_IOS(IOSPlayerSearch.java:87)
at java.base/java.util.concurrent.ThreadPoolExecutor.runWorker(ThreadPoolExecutor.java:1144)
at java.base/java.util.concurrent.ThreadPoolExecutor$Worker.run(ThreadPoolExecutor.java:642)
at java.base/java.lang.Thread.run(Thread.java:1589)
... Removed 13 stack frames]]>
    </failure>
  </testcase> <!-- FavPlayer_and_VerifyScorecardData_IOS -->
  <testcase classname="com.usga.qa.tests.AndroidPlayerSearch" name="FavPlayer_and_VerifyScorecardData_Android" time="39.991"/>
  <testcase classname="com.usga.qa.tests.AndroidPlayerSearch" name="verify_favplayer_in_leaderboard_Android" time="25.548">
    <failure type="org.openqa.selenium.NoSuchElementException" message="An element could not be located on the page using the given search parameters.
For documentation on this error, please visit: https://selenium.dev/exceptions/#no_such_element
Build info: version: &amp;apos;4.6.0&amp;apos;, revision: &amp;apos;79f1c02ae20&amp;apos;
System info: os.name: &amp;apos;Mac OS X&amp;apos;, os.arch: &amp;apos;x86_64&amp;apos;, os.version: &amp;apos;13.3.1&amp;apos;, java.version: &amp;apos;19.0.1&amp;apos;
Driver info: io.appium.java_client.android.AndroidDriver
Command: [de5c8ef1-0e5f-46b9-afe6-015c582c043b, findElement {using=xpath, value=//android.widget.CheckBox[@content-desc=&amp;quot;Favorite button&amp;quot;]}]
Capabilities {appium:appActivity: org.usga.ui.MainComposeActi..., appium:appPackage: org.usga.qa, appium:automationName: UiAutomator2, appium:databaseEnabled: false, appium:desired: {appActivity: org.usga.ui.MainComposeActi..., appPackage: org.usga.qa, automationName: UiAutomator2, deviceName: SM-G973F, platformName: android, platformVersion: 9}, appium:deviceApiLevel: 28, appium:deviceManufacturer: samsung, appium:deviceModel: SM-G973F, appium:deviceName: RZ8M31132JF, appium:deviceScreenDensity: 411, appium:deviceScreenSize: 1080x2280, appium:deviceUDID: RZ8M31132JF, appium:javascriptEnabled: true, appium:locationContextEnabled: false, appium:networkConnectionEnabled: true, appium:pixelRatio: 2.5687501, appium:platformVersion: 9, appium:statBarHeight: 112, appium:takesScreenshot: true, appium:viewportRect: {height: 1933, left: 0, top: 112, width: 1080}, appium:warnings: {}, appium:webStorageEnabled: false, platformName: ANDROID}
Session ID: de5c8ef1-0e5f-46b9-afe6-015c582c043b">
      <![CDATA[org.openqa.selenium.NoSuchElementException: An element could not be located on the page using the given search parameters.
For documentation on this error, please visit: https://selenium.dev/exceptions/#no_such_element
Build info: version: '4.6.0', revision: '79f1c02ae20'
System info: os.name: 'Mac OS X', os.arch: 'x86_64', os.version: '13.3.1', java.version: '19.0.1'
Driver info: io.appium.java_client.android.AndroidDriver
Command: [de5c8ef1-0e5f-46b9-afe6-015c582c043b, findElement {using=xpath, value=//android.widget.CheckBox[@content-desc="Favorite button"]}]
Capabilities {appium:appActivity: org.usga.ui.MainComposeActi..., appium:appPackage: org.usga.qa, appium:automationName: UiAutomator2, appium:databaseEnabled: false, appium:desired: {appActivity: org.usga.ui.MainComposeActi..., appPackage: org.usga.qa, automationName: UiAutomator2, deviceName: SM-G973F, platformName: android, platformVersion: 9}, appium:deviceApiLevel: 28, appium:deviceManufacturer: samsung, appium:deviceModel: SM-G973F, appium:deviceName: RZ8M31132JF, appium:deviceScreenDensity: 411, appium:deviceScreenSize: 1080x2280, appium:deviceUDID: RZ8M31132JF, appium:javascriptEnabled: true, appium:locationContextEnabled: false, appium:networkConnectionEnabled: true, appium:pixelRatio: 2.5687501, appium:platformVersion: 9, appium:statBarHeight: 112, appium:takesScreenshot: true, appium:viewportRect: {height: 1933, left: 0, top: 112, width: 1080}, appium:warnings: {}, appium:webStorageEnabled: false, platformName: ANDROID}
Session ID: de5c8ef1-0e5f-46b9-afe6-015c582c043b
at org.openqa.selenium.remote.codec.w3c.W3CHttpResponseCodec.createException(W3CHttpResponseCodec.java:200)
at org.openqa.selenium.remote.codec.w3c.W3CHttpResponseCodec.decode(W3CHttpResponseCodec.java:133)
at org.openqa.selenium.remote.codec.w3c.W3CHttpResponseCodec.decode(W3CHttpResponseCodec.java:53)
at org.openqa.selenium.remote.HttpCommandExecutor.execute(HttpCommandExecutor.java:184)
at io.appium.java_client.remote.AppiumCommandExecutor.execute(AppiumCommandExecutor.java:189)
at org.openqa.selenium.remote.RemoteWebDriver.execute(RemoteWebDriver.java:541)
at org.openqa.selenium.remote.ElementLocation$ElementFinder$2.findElement(ElementLocation.java:162)
at org.openqa.selenium.remote.ElementLocation.findElement(ElementLocation.java:60)
at org.openqa.selenium.remote.RemoteWebDriver.findElement(RemoteWebDriver.java:365)
at org.openqa.selenium.remote.RemoteWebDriver.findElement(RemoteWebDriver.java:357)
at org.openqa.selenium.support.pagefactory.DefaultElementLocator.findElement(DefaultElementLocator.java:70)
at org.openqa.selenium.support.pagefactory.internal.LocatingElementHandler.invoke(LocatingElementHandler.java:39)
at jdk.proxy2/jdk.proxy2.$Proxy15.click(Unknown Source)
at com.usga.qa.androidscreens.VerifyScorecardData.favsearchedplayer(VerifyScorecardData.java:63)
at com.usga.qa.androidscreens.VerifyFavPlayerINLeaderboard.verifyFavToggleinLederbord(VerifyFavPlayerINLeaderboard.java:23)
at com.usga.qa.tests.AndroidPlayerSearch.verify_favplayer_in_leaderboard_Android(AndroidPlayerSearch.java:108)
at java.base/java.util.concurrent.ThreadPoolExecutor.runWorker(ThreadPoolExecutor.java:1144)
at java.base/java.util.concurrent.ThreadPoolExecutor$Worker.run(ThreadPoolExecutor.java:642)
at java.base/java.lang.Thread.run(Thread.java:1589)
... Removed 13 stack frames]]>
    </failure>
  </testcase> <!-- verify_favplayer_in_leaderboard_Android -->
</testsuite> <!-- Test -->
