<?xml version="1.0" encoding="UTF-8"?>
<!-- Generated by org.testng.reporters.JUnitXMLReporter -->
<testsuite ignored="0" hostname="USBLRSOMEGHANA1" failures="2" tests="6" name="Test" time="65.832" errors="0" timestamp="2023-05-13T18:56:19 IST">
  <testcase classname="com.usga.qa.tests.PlayerSearch" name="testGetStartedButton" time="8.164"/>
  <testcase classname="com.usga.qa.tests.PlayerSearch" name="selectPermissionsButton" time="6.657"/>
  <testcase classname="com.usga.qa.tests.PlayerSearch" name="selectChampionship" time="5.564"/>
  <testcase classname="com.usga.qa.tests.PlayerSearch" name="enterPlayerName" time="17.624"/>
  <testcase classname="com.usga.qa.tests.PlayerSearch" name="FavPlayer_and_VerifyScorecardData" time="0.015">
    <failure type="org.openqa.selenium.WebDriverException" message="An unknown server-side error occurred while processing the command. Original error: Must provide a selector when finding elements
Build info: version: &amp;apos;4.6.0&amp;apos;, revision: &amp;apos;79f1c02ae20&amp;apos;
System info: os.name: &amp;apos;Mac OS X&amp;apos;, os.arch: &amp;apos;x86_64&amp;apos;, os.version: &amp;apos;13.3.1&amp;apos;, java.version: &amp;apos;17.0.5&amp;apos;
Driver info: io.appium.java_client.AppiumDriver
Command: [ba30477a-0edd-4fcf-874a-78b3dbb3abca, findElement {using=id, value=}]
Capabilities {appium:appActivity: org.usga.ui.MainComposeActi..., appium:appPackage: org.usga.qa, appium:automationName: UiAutomator2, appium:databaseEnabled: false, appium:desired: {appActivity: org.usga.ui.MainComposeActi..., appPackage: org.usga.qa, automationName: UiAutomator2, deviceName: SM-G973F, platformName: android, platformVersion: 9}, appium:deviceApiLevel: 28, appium:deviceManufacturer: samsung, appium:deviceModel: SM-G973F, appium:deviceName: RZ8M31132JF, appium:deviceScreenDensity: 411, appium:deviceScreenSize: 1080x2280, appium:deviceUDID: RZ8M31132JF, appium:javascriptEnabled: true, appium:locationContextEnabled: false, appium:networkConnectionEnabled: true, appium:pixelRatio: 2.5687501, appium:platformVersion: 9, appium:statBarHeight: 112, appium:takesScreenshot: true, appium:viewportRect: {height: 1933, left: 0, top: 112, width: 1080}, appium:warnings: {}, appium:webStorageEnabled: false, platformName: ANDROID}
Session ID: ba30477a-0edd-4fcf-874a-78b3dbb3abca">
      <![CDATA[org.openqa.selenium.WebDriverException: An unknown server-side error occurred while processing the command. Original error: Must provide a selector when finding elements
Build info: version: '4.6.0', revision: '79f1c02ae20'
System info: os.name: 'Mac OS X', os.arch: 'x86_64', os.version: '13.3.1', java.version: '17.0.5'
Driver info: io.appium.java_client.AppiumDriver
Command: [ba30477a-0edd-4fcf-874a-78b3dbb3abca, findElement {using=id, value=}]
Capabilities {appium:appActivity: org.usga.ui.MainComposeActi..., appium:appPackage: org.usga.qa, appium:automationName: UiAutomator2, appium:databaseEnabled: false, appium:desired: {appActivity: org.usga.ui.MainComposeActi..., appPackage: org.usga.qa, automationName: UiAutomator2, deviceName: SM-G973F, platformName: android, platformVersion: 9}, appium:deviceApiLevel: 28, appium:deviceManufacturer: samsung, appium:deviceModel: SM-G973F, appium:deviceName: RZ8M31132JF, appium:deviceScreenDensity: 411, appium:deviceScreenSize: 1080x2280, appium:deviceUDID: RZ8M31132JF, appium:javascriptEnabled: true, appium:locationContextEnabled: false, appium:networkConnectionEnabled: true, appium:pixelRatio: 2.5687501, appium:platformVersion: 9, appium:statBarHeight: 112, appium:takesScreenshot: true, appium:viewportRect: {height: 1933, left: 0, top: 112, width: 1080}, appium:warnings: {}, appium:webStorageEnabled: false, platformName: ANDROID}
Session ID: ba30477a-0edd-4fcf-874a-78b3dbb3abca
at org.openqa.selenium.remote.codec.w3c.W3CHttpResponseCodec.createException(W3CHttpResponseCodec.java:200)
at org.openqa.selenium.remote.codec.w3c.W3CHttpResponseCodec.decode(W3CHttpResponseCodec.java:133)
at org.openqa.selenium.remote.codec.w3c.W3CHttpResponseCodec.decode(W3CHttpResponseCodec.java:53)
at org.openqa.selenium.remote.HttpCommandExecutor.execute(HttpCommandExecutor.java:184)
at io.appium.java_client.remote.AppiumCommandExecutor.execute(AppiumCommandExecutor.java:189)
at org.openqa.selenium.remote.RemoteWebDriver.execute(RemoteWebDriver.java:541)
at org.openqa.selenium.remote.ElementLocation$ElementFinder$2.findElement(ElementLocation.java:162)
at org.openqa.selenium.remote.ElementLocation.findElement(ElementLocation.java:60)
at org.openqa.selenium.remote.RemoteWebDriver.findElement(RemoteWebDriver.java:365)
at org.openqa.selenium.remote.RemoteWebDriver.findElement(RemoteWebDriver.java:357)
at org.openqa.selenium.support.pagefactory.DefaultElementLocator.findElement(DefaultElementLocator.java:70)
at org.openqa.selenium.support.pagefactory.internal.LocatingElementHandler.invoke(LocatingElementHandler.java:39)
at jdk.proxy2/jdk.proxy2.$Proxy15.getText(Unknown Source)
at com.usga.qa.screens.VerifyScorecardData.favsearchedplayer(VerifyScorecardData.java:45)
at com.usga.qa.tests.PlayerSearch.FavPlayer_and_VerifyScorecardData(PlayerSearch.java:72)
at java.base/java.util.ArrayList.forEach(ArrayList.java:1511)
... Removed 32 stack frames]]>
    </failure>
  </testcase> <!-- FavPlayer_and_VerifyScorecardData -->
  <testcase classname="com.usga.qa.tests.PlayerSearch" name="verify_favplayer_in_leaderboard" time="15.528">
    <failure type="org.openqa.selenium.WebDriverException" message="An unknown server-side error occurred while processing the command. Original error: Must provide a selector when finding elements
Build info: version: &amp;apos;4.6.0&amp;apos;, revision: &amp;apos;79f1c02ae20&amp;apos;
System info: os.name: &amp;apos;Mac OS X&amp;apos;, os.arch: &amp;apos;x86_64&amp;apos;, os.version: &amp;apos;13.3.1&amp;apos;, java.version: &amp;apos;17.0.5&amp;apos;
Driver info: io.appium.java_client.AppiumDriver
Command: [ba30477a-0edd-4fcf-874a-78b3dbb3abca, findElement {using=id, value=}]
Capabilities {appium:appActivity: org.usga.ui.MainComposeActi..., appium:appPackage: org.usga.qa, appium:automationName: UiAutomator2, appium:databaseEnabled: false, appium:desired: {appActivity: org.usga.ui.MainComposeActi..., appPackage: org.usga.qa, automationName: UiAutomator2, deviceName: SM-G973F, platformName: android, platformVersion: 9}, appium:deviceApiLevel: 28, appium:deviceManufacturer: samsung, appium:deviceModel: SM-G973F, appium:deviceName: RZ8M31132JF, appium:deviceScreenDensity: 411, appium:deviceScreenSize: 1080x2280, appium:deviceUDID: RZ8M31132JF, appium:javascriptEnabled: true, appium:locationContextEnabled: false, appium:networkConnectionEnabled: true, appium:pixelRatio: 2.5687501, appium:platformVersion: 9, appium:statBarHeight: 112, appium:takesScreenshot: true, appium:viewportRect: {height: 1933, left: 0, top: 112, width: 1080}, appium:warnings: {}, appium:webStorageEnabled: false, platformName: ANDROID}
Session ID: ba30477a-0edd-4fcf-874a-78b3dbb3abca">
      <![CDATA[org.openqa.selenium.WebDriverException: An unknown server-side error occurred while processing the command. Original error: Must provide a selector when finding elements
Build info: version: '4.6.0', revision: '79f1c02ae20'
System info: os.name: 'Mac OS X', os.arch: 'x86_64', os.version: '13.3.1', java.version: '17.0.5'
Driver info: io.appium.java_client.AppiumDriver
Command: [ba30477a-0edd-4fcf-874a-78b3dbb3abca, findElement {using=id, value=}]
Capabilities {appium:appActivity: org.usga.ui.MainComposeActi..., appium:appPackage: org.usga.qa, appium:automationName: UiAutomator2, appium:databaseEnabled: false, appium:desired: {appActivity: org.usga.ui.MainComposeActi..., appPackage: org.usga.qa, automationName: UiAutomator2, deviceName: SM-G973F, platformName: android, platformVersion: 9}, appium:deviceApiLevel: 28, appium:deviceManufacturer: samsung, appium:deviceModel: SM-G973F, appium:deviceName: RZ8M31132JF, appium:deviceScreenDensity: 411, appium:deviceScreenSize: 1080x2280, appium:deviceUDID: RZ8M31132JF, appium:javascriptEnabled: true, appium:locationContextEnabled: false, appium:networkConnectionEnabled: true, appium:pixelRatio: 2.5687501, appium:platformVersion: 9, appium:statBarHeight: 112, appium:takesScreenshot: true, appium:viewportRect: {height: 1933, left: 0, top: 112, width: 1080}, appium:warnings: {}, appium:webStorageEnabled: false, platformName: ANDROID}
Session ID: ba30477a-0edd-4fcf-874a-78b3dbb3abca
at org.openqa.selenium.remote.codec.w3c.W3CHttpResponseCodec.createException(W3CHttpResponseCodec.java:200)
at org.openqa.selenium.remote.codec.w3c.W3CHttpResponseCodec.decode(W3CHttpResponseCodec.java:133)
at org.openqa.selenium.remote.codec.w3c.W3CHttpResponseCodec.decode(W3CHttpResponseCodec.java:53)
at org.openqa.selenium.remote.HttpCommandExecutor.execute(HttpCommandExecutor.java:184)
at io.appium.java_client.remote.AppiumCommandExecutor.execute(AppiumCommandExecutor.java:189)
at org.openqa.selenium.remote.RemoteWebDriver.execute(RemoteWebDriver.java:541)
at org.openqa.selenium.remote.ElementLocation$ElementFinder$2.findElement(ElementLocation.java:162)
at org.openqa.selenium.remote.ElementLocation.findElement(ElementLocation.java:60)
at org.openqa.selenium.remote.RemoteWebDriver.findElement(RemoteWebDriver.java:365)
at org.openqa.selenium.remote.RemoteWebDriver.findElement(RemoteWebDriver.java:357)
at org.openqa.selenium.support.pagefactory.DefaultElementLocator.findElement(DefaultElementLocator.java:70)
at org.openqa.selenium.support.pagefactory.internal.LocatingElementHandler.invoke(LocatingElementHandler.java:39)
at jdk.proxy2/jdk.proxy2.$Proxy15.getText(Unknown Source)
at com.usga.qa.screens.VerifyScorecardData.favsearchedplayer(VerifyScorecardData.java:45)
at com.usga.qa.screens.VerifyFavPlayerINLeaderboard.verifyFavToggleinLederbord(VerifyFavPlayerINLeaderboard.java:23)
at com.usga.qa.tests.PlayerSearch.verify_favplayer_in_leaderboard(PlayerSearch.java:82)
at java.base/java.util.ArrayList.forEach(ArrayList.java:1511)
... Removed 32 stack frames]]>
    </failure>
  </testcase> <!-- verify_favplayer_in_leaderboard -->
</testsuite> <!-- Test -->
