<?xml version="1.0" encoding="UTF-8"?>
<testng-results ignored="0" total="11" passed="9" failed="2" skipped="0">
  <reporter-output>
  </reporter-output>
  <suite started-at="2023-05-18T16:40:52 IST" name="Suite" finished-at="2023-05-18T16:43:10 IST" duration-ms="137654">
    <groups>
    </groups>
    <test started-at="2023-05-18T16:40:52 IST" name="Test" finished-at="2023-05-18T16:43:10 IST" duration-ms="137654">
      <class name="com.usga.qa.tests.IOSPlayerSearch">
        <test-method is-config="true" signature="setup()[pri:0, instance:com.usga.qa.tests.IOSPlayerSearch@77fbd92c]" started-at="2023-05-18T16:40:52 IST" name="setup" finished-at="2023-05-18T16:41:31 IST" duration-ms="38655" status="PASS">
          <reporter-output>
          </reporter-output>
        </test-method> <!-- setup -->
        <test-method signature="testGetStartedButton_IOS()[pri:1, instance:com.usga.qa.tests.IOSPlayerSearch@77fbd92c]" started-at="2023-05-18T16:41:31 IST" name="testGetStartedButton_IOS" finished-at="2023-05-18T16:41:38 IST" duration-ms="6923" status="PASS">
          <reporter-output>
          </reporter-output>
        </test-method> <!-- testGetStartedButton_IOS -->
        <test-method signature="selectPermissionsButton_IOS()[pri:2, instance:com.usga.qa.tests.IOSPlayerSearch@77fbd92c]" started-at="2023-05-18T16:41:38 IST" name="selectPermissionsButton_IOS" finished-at="2023-05-18T16:41:51 IST" duration-ms="13499" status="PASS">
          <reporter-output>
          </reporter-output>
        </test-method> <!-- selectPermissionsButton_IOS -->
        <test-method signature="selectChampionship_IOS(java.lang.String,java.lang.String,java.lang.String)[pri:3, instance:com.usga.qa.tests.IOSPlayerSearch@77fbd92c]" started-at="2023-05-18T16:41:51 IST" name="selectChampionship_IOS" data-provider="getTestData" finished-at="2023-05-18T16:42:10 IST" duration-ms="18610" status="PASS">
          <params>
            <param index="0">
              <value>
                <![CDATA[U.S. Senior Open]]>
              </value>
            </param>
            <param index="1">
              <value>
                <![CDATA[Jason Day]]>
              </value>
            </param>
            <param index="2">
              <value>
                <![CDATA[4]]>
              </value>
            </param>
          </params>
          <reporter-output>
          </reporter-output>
        </test-method> <!-- selectChampionship_IOS -->
        <test-method signature="enterPlayerName_IOS(java.lang.String,java.lang.String,java.lang.String)[pri:4, instance:com.usga.qa.tests.IOSPlayerSearch@77fbd92c]" started-at="2023-05-18T16:42:10 IST" name="enterPlayerName_IOS" data-provider="getTestData" finished-at="2023-05-18T16:42:30 IST" duration-ms="20725" status="PASS">
          <params>
            <param index="0">
              <value>
                <![CDATA[U.S. Senior Open]]>
              </value>
            </param>
            <param index="1">
              <value>
                <![CDATA[Jason Day]]>
              </value>
            </param>
            <param index="2">
              <value>
                <![CDATA[4]]>
              </value>
            </param>
          </params>
          <reporter-output>
          </reporter-output>
        </test-method> <!-- enterPlayerName_IOS -->
        <test-method signature="FavPlayer_and_VerifyScorecardData_IOS(java.lang.String,java.lang.String,java.lang.String)[pri:5, instance:com.usga.qa.tests.IOSPlayerSearch@77fbd92c]" started-at="2023-05-18T16:42:31 IST" name="FavPlayer_and_VerifyScorecardData_IOS" data-provider="getTestData" finished-at="2023-05-18T16:42:41 IST" duration-ms="10222" status="FAIL">
          <params>
            <param index="0">
              <value>
                <![CDATA[U.S. Senior Open]]>
              </value>
            </param>
            <param index="1">
              <value>
                <![CDATA[Jason Day]]>
              </value>
            </param>
            <param index="2">
              <value>
                <![CDATA[4]]>
              </value>
            </param>
          </params>
          <exception class="org.openqa.selenium.NoSuchElementException">
            <message>
              <![CDATA[An element could not be located on the page using the given search parameters.
For documentation on this error, please visit: https://selenium.dev/exceptions/#no_such_element
Build info: version: '4.6.0', revision: '79f1c02ae20'
System info: os.name: 'Mac OS X', os.arch: 'x86_64', os.version: '13.3.1', java.version: '19.0.1'
Driver info: io.appium.java_client.android.AndroidDriver
Command: [de5c8ef1-0e5f-46b9-afe6-015c582c043b, findElement {using=xpath, value=//XCUIElementTypeButton[@name="Favorite player Unchecked"]}]
Capabilities {appium:appActivity: org.usga.ui.MainComposeActi..., appium:appPackage: org.usga.qa, appium:automationName: UiAutomator2, appium:databaseEnabled: false, appium:desired: {appActivity: org.usga.ui.MainComposeActi..., appPackage: org.usga.qa, automationName: UiAutomator2, deviceName: SM-G973F, platformName: android, platformVersion: 9}, appium:deviceApiLevel: 28, appium:deviceManufacturer: samsung, appium:deviceModel: SM-G973F, appium:deviceName: RZ8M31132JF, appium:deviceScreenDensity: 411, appium:deviceScreenSize: 1080x2280, appium:deviceUDID: RZ8M31132JF, appium:javascriptEnabled: true, appium:locationContextEnabled: false, appium:networkConnectionEnabled: true, appium:pixelRatio: 2.5687501, appium:platformVersion: 9, appium:statBarHeight: 112, appium:takesScreenshot: true, appium:viewportRect: {height: 1933, left: 0, top: 112, width: 1080}, appium:warnings: {}, appium:webStorageEnabled: false, platformName: ANDROID}
Session ID: de5c8ef1-0e5f-46b9-afe6-015c582c043b]]>
            </message>
            <full-stacktrace>
              <![CDATA[org.openqa.selenium.NoSuchElementException: An element could not be located on the page using the given search parameters.
For documentation on this error, please visit: https://selenium.dev/exceptions/#no_such_element
Build info: version: '4.6.0', revision: '79f1c02ae20'
System info: os.name: 'Mac OS X', os.arch: 'x86_64', os.version: '13.3.1', java.version: '19.0.1'
Driver info: io.appium.java_client.android.AndroidDriver
Command: [de5c8ef1-0e5f-46b9-afe6-015c582c043b, findElement {using=xpath, value=//XCUIElementTypeButton[@name="Favorite player Unchecked"]}]
Capabilities {appium:appActivity: org.usga.ui.MainComposeActi..., appium:appPackage: org.usga.qa, appium:automationName: UiAutomator2, appium:databaseEnabled: false, appium:desired: {appActivity: org.usga.ui.MainComposeActi..., appPackage: org.usga.qa, automationName: UiAutomator2, deviceName: SM-G973F, platformName: android, platformVersion: 9}, appium:deviceApiLevel: 28, appium:deviceManufacturer: samsung, appium:deviceModel: SM-G973F, appium:deviceName: RZ8M31132JF, appium:deviceScreenDensity: 411, appium:deviceScreenSize: 1080x2280, appium:deviceUDID: RZ8M31132JF, appium:javascriptEnabled: true, appium:locationContextEnabled: false, appium:networkConnectionEnabled: true, appium:pixelRatio: 2.5687501, appium:platformVersion: 9, appium:statBarHeight: 112, appium:takesScreenshot: true, appium:viewportRect: {height: 1933, left: 0, top: 112, width: 1080}, appium:warnings: {}, appium:webStorageEnabled: false, platformName: ANDROID}
Session ID: de5c8ef1-0e5f-46b9-afe6-015c582c043b
at java.base/jdk.internal.reflect.DirectConstructorHandleAccessor.newInstance(DirectConstructorHandleAccessor.java:67)
at java.base/java.lang.reflect.Constructor.newInstanceWithCaller(Constructor.java:500)
at java.base/java.lang.reflect.Constructor.newInstance(Constructor.java:484)
at org.openqa.selenium.remote.codec.w3c.W3CHttpResponseCodec.createException(W3CHttpResponseCodec.java:200)
at org.openqa.selenium.remote.codec.w3c.W3CHttpResponseCodec.decode(W3CHttpResponseCodec.java:133)
at org.openqa.selenium.remote.codec.w3c.W3CHttpResponseCodec.decode(W3CHttpResponseCodec.java:53)
at org.openqa.selenium.remote.HttpCommandExecutor.execute(HttpCommandExecutor.java:184)
at io.appium.java_client.remote.AppiumCommandExecutor.execute(AppiumCommandExecutor.java:189)
at org.openqa.selenium.remote.RemoteWebDriver.execute(RemoteWebDriver.java:541)
at org.openqa.selenium.remote.ElementLocation$ElementFinder$2.findElement(ElementLocation.java:162)
at org.openqa.selenium.remote.ElementLocation.findElement(ElementLocation.java:60)
at org.openqa.selenium.remote.RemoteWebDriver.findElement(RemoteWebDriver.java:365)
at org.openqa.selenium.remote.RemoteWebDriver.findElement(RemoteWebDriver.java:357)
at org.openqa.selenium.support.pagefactory.DefaultElementLocator.findElement(DefaultElementLocator.java:70)
at org.openqa.selenium.support.pagefactory.internal.LocatingElementHandler.invoke(LocatingElementHandler.java:39)
at jdk.proxy2/jdk.proxy2.$Proxy15.click(Unknown Source)
at com.usga.qa.iosscreens.VerifyScorecardData.favsearchedplayer(VerifyScorecardData.java:43)
at com.usga.qa.tests.IOSPlayerSearch.FavPlayer_and_VerifyScorecardData_IOS(IOSPlayerSearch.java:87)
at java.base/jdk.internal.reflect.DirectMethodHandleAccessor.invoke(DirectMethodHandleAccessor.java:104)
at java.base/java.lang.reflect.Method.invoke(Method.java:578)
at org.testng.internal.invokers.MethodInvocationHelper.invokeMethod(MethodInvocationHelper.java:139)
at org.testng.internal.invokers.TestInvoker.invokeMethod(TestInvoker.java:677)
at org.testng.internal.invokers.TestInvoker.invokeTestMethod(TestInvoker.java:221)
at org.testng.internal.invokers.MethodRunner.runInSequence(MethodRunner.java:50)
at org.testng.internal.invokers.TestInvoker$MethodInvocationAgent.invoke(TestInvoker.java:962)
at org.testng.internal.invokers.TestInvoker.invokeTestMethods(TestInvoker.java:194)
at org.testng.internal.invokers.TestMethodWorker.invokeTestMethods(TestMethodWorker.java:148)
at org.testng.internal.invokers.TestMethodWorker.run(TestMethodWorker.java:128)
at java.base/java.util.concurrent.ThreadPoolExecutor.runWorker(ThreadPoolExecutor.java:1144)
at java.base/java.util.concurrent.ThreadPoolExecutor$Worker.run(ThreadPoolExecutor.java:642)
at java.base/java.lang.Thread.run(Thread.java:1589)
]]>
            </full-stacktrace>
          </exception> <!-- org.openqa.selenium.NoSuchElementException -->
          <reporter-output>
          </reporter-output>
        </test-method> <!-- FavPlayer_and_VerifyScorecardData_IOS -->
      </class> <!-- com.usga.qa.tests.IOSPlayerSearch -->
      <class name="com.usga.qa.tests.AndroidPlayerSearch">
        <test-method is-config="true" signature="setup()[pri:0, instance:com.usga.qa.tests.AndroidPlayerSearch@c8c12ac]" started-at="2023-05-18T16:40:52 IST" name="setup" finished-at="2023-05-18T16:41:00 IST" duration-ms="8310" status="PASS">
          <reporter-output>
          </reporter-output>
        </test-method> <!-- setup -->
        <test-method signature="testGetStartedButton_Android()[pri:1, instance:com.usga.qa.tests.AndroidPlayerSearch@c8c12ac]" started-at="2023-05-18T16:41:00 IST" name="testGetStartedButton_Android" finished-at="2023-05-18T16:41:10 IST" duration-ms="9727" status="PASS">
          <reporter-output>
          </reporter-output>
        </test-method> <!-- testGetStartedButton_Android -->
        <test-method signature="selectPermissionsButton_Android()[pri:2, instance:com.usga.qa.tests.AndroidPlayerSearch@c8c12ac]" started-at="2023-05-18T16:41:10 IST" name="selectPermissionsButton_Android" finished-at="2023-05-18T16:41:17 IST" duration-ms="6521" status="PASS">
          <reporter-output>
          </reporter-output>
        </test-method> <!-- selectPermissionsButton_Android -->
        <test-method signature="selectChampionship_Android(java.lang.String,java.lang.String,java.lang.String)[pri:3, instance:com.usga.qa.tests.AndroidPlayerSearch@c8c12ac]" started-at="2023-05-18T16:41:17 IST" name="selectChampionship_Android" data-provider="getTestData" finished-at="2023-05-18T16:41:36 IST" duration-ms="18950" status="PASS">
          <params>
            <param index="0">
              <value>
                <![CDATA[U.S. Senior Open]]>
              </value>
            </param>
            <param index="1">
              <value>
                <![CDATA[Jason Day]]>
              </value>
            </param>
            <param index="2">
              <value>
                <![CDATA[4]]>
              </value>
            </param>
          </params>
          <reporter-output>
          </reporter-output>
        </test-method> <!-- selectChampionship_Android -->
        <test-method signature="enterPlayerName_Android(java.lang.String,java.lang.String,java.lang.String)[pri:4, instance:com.usga.qa.tests.AndroidPlayerSearch@c8c12ac]" started-at="2023-05-18T16:41:36 IST" name="enterPlayerName_Android" data-provider="getTestData" finished-at="2023-05-18T16:42:04 IST" duration-ms="27741" status="PASS">
          <params>
            <param index="0">
              <value>
                <![CDATA[U.S. Senior Open]]>
              </value>
            </param>
            <param index="1">
              <value>
                <![CDATA[Jason Day]]>
              </value>
            </param>
            <param index="2">
              <value>
                <![CDATA[4]]>
              </value>
            </param>
          </params>
          <reporter-output>
          </reporter-output>
        </test-method> <!-- enterPlayerName_Android -->
        <test-method signature="FavPlayer_and_VerifyScorecardData_Android(java.lang.String,java.lang.String,java.lang.String)[pri:5, instance:com.usga.qa.tests.AndroidPlayerSearch@c8c12ac]" started-at="2023-05-18T16:42:04 IST" name="FavPlayer_and_VerifyScorecardData_Android" data-provider="getTestData" finished-at="2023-05-18T16:42:44 IST" duration-ms="39991" status="PASS">
          <params>
            <param index="0">
              <value>
                <![CDATA[U.S. Senior Open]]>
              </value>
            </param>
            <param index="1">
              <value>
                <![CDATA[Jason Day]]>
              </value>
            </param>
            <param index="2">
              <value>
                <![CDATA[4]]>
              </value>
            </param>
          </params>
          <reporter-output>
          </reporter-output>
        </test-method> <!-- FavPlayer_and_VerifyScorecardData_Android -->
        <test-method signature="verify_favplayer_in_leaderboard_Android(java.lang.String,java.lang.String,java.lang.String)[pri:6, instance:com.usga.qa.tests.AndroidPlayerSearch@c8c12ac]" started-at="2023-05-18T16:42:44 IST" name="verify_favplayer_in_leaderboard_Android" data-provider="getTestData" finished-at="2023-05-18T16:43:09 IST" duration-ms="25548" status="FAIL">
          <params>
            <param index="0">
              <value>
                <![CDATA[U.S. Senior Open]]>
              </value>
            </param>
            <param index="1">
              <value>
                <![CDATA[Jason Day]]>
              </value>
            </param>
            <param index="2">
              <value>
                <![CDATA[4]]>
              </value>
            </param>
          </params>
          <exception class="org.openqa.selenium.NoSuchElementException">
            <message>
              <![CDATA[An element could not be located on the page using the given search parameters.
For documentation on this error, please visit: https://selenium.dev/exceptions/#no_such_element
Build info: version: '4.6.0', revision: '79f1c02ae20'
System info: os.name: 'Mac OS X', os.arch: 'x86_64', os.version: '13.3.1', java.version: '19.0.1'
Driver info: io.appium.java_client.android.AndroidDriver
Command: [de5c8ef1-0e5f-46b9-afe6-015c582c043b, findElement {using=xpath, value=//android.widget.CheckBox[@content-desc="Favorite button"]}]
Capabilities {appium:appActivity: org.usga.ui.MainComposeActi..., appium:appPackage: org.usga.qa, appium:automationName: UiAutomator2, appium:databaseEnabled: false, appium:desired: {appActivity: org.usga.ui.MainComposeActi..., appPackage: org.usga.qa, automationName: UiAutomator2, deviceName: SM-G973F, platformName: android, platformVersion: 9}, appium:deviceApiLevel: 28, appium:deviceManufacturer: samsung, appium:deviceModel: SM-G973F, appium:deviceName: RZ8M31132JF, appium:deviceScreenDensity: 411, appium:deviceScreenSize: 1080x2280, appium:deviceUDID: RZ8M31132JF, appium:javascriptEnabled: true, appium:locationContextEnabled: false, appium:networkConnectionEnabled: true, appium:pixelRatio: 2.5687501, appium:platformVersion: 9, appium:statBarHeight: 112, appium:takesScreenshot: true, appium:viewportRect: {height: 1933, left: 0, top: 112, width: 1080}, appium:warnings: {}, appium:webStorageEnabled: false, platformName: ANDROID}
Session ID: de5c8ef1-0e5f-46b9-afe6-015c582c043b]]>
            </message>
            <full-stacktrace>
              <![CDATA[org.openqa.selenium.NoSuchElementException: An element could not be located on the page using the given search parameters.
For documentation on this error, please visit: https://selenium.dev/exceptions/#no_such_element
Build info: version: '4.6.0', revision: '79f1c02ae20'
System info: os.name: 'Mac OS X', os.arch: 'x86_64', os.version: '13.3.1', java.version: '19.0.1'
Driver info: io.appium.java_client.android.AndroidDriver
Command: [de5c8ef1-0e5f-46b9-afe6-015c582c043b, findElement {using=xpath, value=//android.widget.CheckBox[@content-desc="Favorite button"]}]
Capabilities {appium:appActivity: org.usga.ui.MainComposeActi..., appium:appPackage: org.usga.qa, appium:automationName: UiAutomator2, appium:databaseEnabled: false, appium:desired: {appActivity: org.usga.ui.MainComposeActi..., appPackage: org.usga.qa, automationName: UiAutomator2, deviceName: SM-G973F, platformName: android, platformVersion: 9}, appium:deviceApiLevel: 28, appium:deviceManufacturer: samsung, appium:deviceModel: SM-G973F, appium:deviceName: RZ8M31132JF, appium:deviceScreenDensity: 411, appium:deviceScreenSize: 1080x2280, appium:deviceUDID: RZ8M31132JF, appium:javascriptEnabled: true, appium:locationContextEnabled: false, appium:networkConnectionEnabled: true, appium:pixelRatio: 2.5687501, appium:platformVersion: 9, appium:statBarHeight: 112, appium:takesScreenshot: true, appium:viewportRect: {height: 1933, left: 0, top: 112, width: 1080}, appium:warnings: {}, appium:webStorageEnabled: false, platformName: ANDROID}
Session ID: de5c8ef1-0e5f-46b9-afe6-015c582c043b
at java.base/jdk.internal.reflect.DirectConstructorHandleAccessor.newInstance(DirectConstructorHandleAccessor.java:67)
at java.base/java.lang.reflect.Constructor.newInstanceWithCaller(Constructor.java:500)
at java.base/java.lang.reflect.Constructor.newInstance(Constructor.java:484)
at org.openqa.selenium.remote.codec.w3c.W3CHttpResponseCodec.createException(W3CHttpResponseCodec.java:200)
at org.openqa.selenium.remote.codec.w3c.W3CHttpResponseCodec.decode(W3CHttpResponseCodec.java:133)
at org.openqa.selenium.remote.codec.w3c.W3CHttpResponseCodec.decode(W3CHttpResponseCodec.java:53)
at org.openqa.selenium.remote.HttpCommandExecutor.execute(HttpCommandExecutor.java:184)
at io.appium.java_client.remote.AppiumCommandExecutor.execute(AppiumCommandExecutor.java:189)
at org.openqa.selenium.remote.RemoteWebDriver.execute(RemoteWebDriver.java:541)
at org.openqa.selenium.remote.ElementLocation$ElementFinder$2.findElement(ElementLocation.java:162)
at org.openqa.selenium.remote.ElementLocation.findElement(ElementLocation.java:60)
at org.openqa.selenium.remote.RemoteWebDriver.findElement(RemoteWebDriver.java:365)
at org.openqa.selenium.remote.RemoteWebDriver.findElement(RemoteWebDriver.java:357)
at org.openqa.selenium.support.pagefactory.DefaultElementLocator.findElement(DefaultElementLocator.java:70)
at org.openqa.selenium.support.pagefactory.internal.LocatingElementHandler.invoke(LocatingElementHandler.java:39)
at jdk.proxy2/jdk.proxy2.$Proxy15.click(Unknown Source)
at com.usga.qa.androidscreens.VerifyScorecardData.favsearchedplayer(VerifyScorecardData.java:63)
at com.usga.qa.androidscreens.VerifyFavPlayerINLeaderboard.verifyFavToggleinLederbord(VerifyFavPlayerINLeaderboard.java:23)
at com.usga.qa.tests.AndroidPlayerSearch.verify_favplayer_in_leaderboard_Android(AndroidPlayerSearch.java:108)
at java.base/jdk.internal.reflect.DirectMethodHandleAccessor.invoke(DirectMethodHandleAccessor.java:104)
at java.base/java.lang.reflect.Method.invoke(Method.java:578)
at org.testng.internal.invokers.MethodInvocationHelper.invokeMethod(MethodInvocationHelper.java:139)
at org.testng.internal.invokers.TestInvoker.invokeMethod(TestInvoker.java:677)
at org.testng.internal.invokers.TestInvoker.invokeTestMethod(TestInvoker.java:221)
at org.testng.internal.invokers.MethodRunner.runInSequence(MethodRunner.java:50)
at org.testng.internal.invokers.TestInvoker$MethodInvocationAgent.invoke(TestInvoker.java:962)
at org.testng.internal.invokers.TestInvoker.invokeTestMethods(TestInvoker.java:194)
at org.testng.internal.invokers.TestMethodWorker.invokeTestMethods(TestMethodWorker.java:148)
at org.testng.internal.invokers.TestMethodWorker.run(TestMethodWorker.java:128)
at java.base/java.util.concurrent.ThreadPoolExecutor.runWorker(ThreadPoolExecutor.java:1144)
at java.base/java.util.concurrent.ThreadPoolExecutor$Worker.run(ThreadPoolExecutor.java:642)
at java.base/java.lang.Thread.run(Thread.java:1589)
]]>
            </full-stacktrace>
          </exception> <!-- org.openqa.selenium.NoSuchElementException -->
          <reporter-output>
          </reporter-output>
        </test-method> <!-- verify_favplayer_in_leaderboard_Android -->
      </class> <!-- com.usga.qa.tests.AndroidPlayerSearch -->
    </test> <!-- Test -->
  </suite> <!-- Suite -->
</testng-results>
