<?xml version="1.0" encoding="UTF-8"?>
<!-- Generated by org.testng.reporters.JUnitXMLReporter -->
<testsuite ignored="0" hostname="USBLRSOMEGHANA1" failures="2" tests="6" name="Default test" time="56.691" errors="0" timestamp="2023-05-15T16:57:11 IST">
  <testcase classname="com.usga.qa.tests.PlayerSearch" name="testGetStartedButton" time="6.116"/>
  <testcase classname="com.usga.qa.tests.PlayerSearch" name="selectPermissionsButton" time="6.108"/>
  <testcase classname="com.usga.qa.tests.PlayerSearch" name="selectChampionship" time="3.735"/>
  <testcase classname="com.usga.qa.tests.PlayerSearch" name="enterPlayerName" time="20.841"/>
  <testcase classname="com.usga.qa.tests.PlayerSearch" name="FavPlayer_and_VerifyScorecardData" time="0.027">
    <failure type="org.openqa.selenium.WebDriverException" message="An unknown server-side error occurred while processing the command. Original error: Must provide a selector when finding elements
Build info: version: &amp;apos;4.6.0&amp;apos;, revision: &amp;apos;79f1c02ae20&amp;apos;
System info: os.name: &amp;apos;Mac OS X&amp;apos;, os.arch: &amp;apos;x86_64&amp;apos;, os.version: &amp;apos;13.3.1&amp;apos;, java.version: &amp;apos;19.0.1&amp;apos;
Driver info: io.appium.java_client.AppiumDriver
Command: [4b51e7a2-f058-40f5-a408-f395def2171d, findElement {using=id, value=}]
Capabilities {appium:appActivity: org.usga.ui.MainComposeActi..., appium:appPackage: org.usga.qa, appium:automationName: UiAutomator2, appium:databaseEnabled: false, appium:desired: {appActivity: org.usga.ui.MainComposeActi..., appPackage: org.usga.qa, automationName: UiAutomator2, deviceName: SM-G973F, platformName: android, platformVersion: 9}, appium:deviceApiLevel: 28, appium:deviceManufacturer: samsung, appium:deviceModel: SM-G973F, appium:deviceName: RZ8M31132JF, appium:deviceScreenDensity: 411, appium:deviceScreenSize: 1080x2280, appium:deviceUDID: RZ8M31132JF, appium:javascriptEnabled: true, appium:locationContextEnabled: false, appium:networkConnectionEnabled: true, appium:pixelRatio: 2.5687501, appium:platformVersion: 9, appium:statBarHeight: 112, appium:takesScreenshot: true, appium:viewportRect: {height: 1933, left: 0, top: 112, width: 1080}, appium:warnings: {}, appium:webStorageEnabled: false, platformName: ANDROID}
Session ID: 4b51e7a2-f058-40f5-a408-f395def2171d">
      <![CDATA[org.openqa.selenium.WebDriverException: An unknown server-side error occurred while processing the command. Original error: Must provide a selector when finding elements
Build info: version: '4.6.0', revision: '79f1c02ae20'
System info: os.name: 'Mac OS X', os.arch: 'x86_64', os.version: '13.3.1', java.version: '19.0.1'
Driver info: io.appium.java_client.AppiumDriver
Command: [4b51e7a2-f058-40f5-a408-f395def2171d, findElement {using=id, value=}]
Capabilities {appium:appActivity: org.usga.ui.MainComposeActi..., appium:appPackage: org.usga.qa, appium:automationName: UiAutomator2, appium:databaseEnabled: false, appium:desired: {appActivity: org.usga.ui.MainComposeActi..., appPackage: org.usga.qa, automationName: UiAutomator2, deviceName: SM-G973F, platformName: android, platformVersion: 9}, appium:deviceApiLevel: 28, appium:deviceManufacturer: samsung, appium:deviceModel: SM-G973F, appium:deviceName: RZ8M31132JF, appium:deviceScreenDensity: 411, appium:deviceScreenSize: 1080x2280, appium:deviceUDID: RZ8M31132JF, appium:javascriptEnabled: true, appium:locationContextEnabled: false, appium:networkConnectionEnabled: true, appium:pixelRatio: 2.5687501, appium:platformVersion: 9, appium:statBarHeight: 112, appium:takesScreenshot: true, appium:viewportRect: {height: 1933, left: 0, top: 112, width: 1080}, appium:warnings: {}, appium:webStorageEnabled: false, platformName: ANDROID}
Session ID: 4b51e7a2-f058-40f5-a408-f395def2171d
at java.base/jdk.internal.reflect.DirectConstructorHandleAccessor.newInstance(DirectConstructorHandleAccessor.java:67)
at java.base/java.lang.reflect.Constructor.newInstanceWithCaller(Constructor.java:500)
at java.base/java.lang.reflect.Constructor.newInstance(Constructor.java:484)
at org.openqa.selenium.remote.codec.w3c.W3CHttpResponseCodec.createException(W3CHttpResponseCodec.java:200)
at org.openqa.selenium.remote.codec.w3c.W3CHttpResponseCodec.decode(W3CHttpResponseCodec.java:133)
at org.openqa.selenium.remote.codec.w3c.W3CHttpResponseCodec.decode(W3CHttpResponseCodec.java:53)
at org.openqa.selenium.remote.HttpCommandExecutor.execute(HttpCommandExecutor.java:184)
at io.appium.java_client.remote.AppiumCommandExecutor.execute(AppiumCommandExecutor.java:189)
at org.openqa.selenium.remote.RemoteWebDriver.execute(RemoteWebDriver.java:541)
at org.openqa.selenium.remote.ElementLocation$ElementFinder$2.findElement(ElementLocation.java:162)
at org.openqa.selenium.remote.ElementLocation.findElement(ElementLocation.java:60)
at org.openqa.selenium.remote.RemoteWebDriver.findElement(RemoteWebDriver.java:365)
at org.openqa.selenium.remote.RemoteWebDriver.findElement(RemoteWebDriver.java:357)
at org.openqa.selenium.support.pagefactory.DefaultElementLocator.findElement(DefaultElementLocator.java:70)
at org.openqa.selenium.support.pagefactory.internal.LocatingElementHandler.invoke(LocatingElementHandler.java:39)
at jdk.proxy2/jdk.proxy2.$Proxy15.getText(Unknown Source)
at com.usga.qa.screens.VerifyScorecardData.favsearchedplayer(VerifyScorecardData.java:45)
at com.usga.qa.tests.PlayerSearch.FavPlayer_and_VerifyScorecardData(PlayerSearch.java:71)
at java.base/jdk.internal.reflect.DirectMethodHandleAccessor.invoke(DirectMethodHandleAccessor.java:104)
at java.base/java.lang.reflect.Method.invoke(Method.java:578)
at org.testng.internal.invokers.MethodInvocationHelper.invokeMethod(MethodInvocationHelper.java:139)
at org.testng.internal.invokers.TestInvoker.invokeMethod(TestInvoker.java:677)
at org.testng.internal.invokers.TestInvoker.invokeTestMethod(TestInvoker.java:221)
at org.testng.internal.invokers.MethodRunner.runInSequence(MethodRunner.java:50)
at org.testng.internal.invokers.TestInvoker$MethodInvocationAgent.invoke(TestInvoker.java:962)
at org.testng.internal.invokers.TestInvoker.invokeTestMethods(TestInvoker.java:194)
at org.testng.internal.invokers.TestMethodWorker.invokeTestMethods(TestMethodWorker.java:148)
at org.testng.internal.invokers.TestMethodWorker.run(TestMethodWorker.java:128)
at java.base/java.util.ArrayList.forEach(ArrayList.java:1511)
at org.testng.TestRunner.privateRun(TestRunner.java:806)
at org.testng.TestRunner.run(TestRunner.java:601)
at org.testng.SuiteRunner.runTest(SuiteRunner.java:433)
at org.testng.SuiteRunner.runSequentially(SuiteRunner.java:427)
at org.testng.SuiteRunner.privateRun(SuiteRunner.java:387)
at org.testng.SuiteRunner.run(SuiteRunner.java:330)
at org.testng.SuiteRunnerWorker.runSuite(SuiteRunnerWorker.java:52)
at org.testng.SuiteRunnerWorker.run(SuiteRunnerWorker.java:95)
at org.testng.TestNG.runSuitesSequentially(TestNG.java:1256)
at org.testng.TestNG.runSuitesLocally(TestNG.java:1176)
at org.testng.TestNG.runSuites(TestNG.java:1099)
at org.testng.TestNG.run(TestNG.java:1067)
at org.testng.remote.AbstractRemoteTestNG.run(AbstractRemoteTestNG.java:115)
at org.testng.remote.RemoteTestNG.initAndRun(RemoteTestNG.java:251)
at org.testng.remote.RemoteTestNG.main(RemoteTestNG.java:77)
]]>
    </failure>
  </testcase> <!-- FavPlayer_and_VerifyScorecardData -->
  <testcase classname="com.usga.qa.tests.PlayerSearch" name="verify_favplayer_in_leaderboard" time="10.386">
    <failure type="org.openqa.selenium.NoSuchElementException" message="An element could not be located on the page using the given search parameters.
For documentation on this error, please visit: https://selenium.dev/exceptions/#no_such_element
Build info: version: &amp;apos;4.6.0&amp;apos;, revision: &amp;apos;79f1c02ae20&amp;apos;
System info: os.name: &amp;apos;Mac OS X&amp;apos;, os.arch: &amp;apos;x86_64&amp;apos;, os.version: &amp;apos;13.3.1&amp;apos;, java.version: &amp;apos;19.0.1&amp;apos;
Driver info: io.appium.java_client.AppiumDriver
Command: [4b51e7a2-f058-40f5-a408-f395def2171d, findElement {using=xpath, value=//android.view.View[@content-desc=&amp;quot;Search for a specific player&amp;quot;]}]
Capabilities {appium:appActivity: org.usga.ui.MainComposeActi..., appium:appPackage: org.usga.qa, appium:automationName: UiAutomator2, appium:databaseEnabled: false, appium:desired: {appActivity: org.usga.ui.MainComposeActi..., appPackage: org.usga.qa, automationName: UiAutomator2, deviceName: SM-G973F, platformName: android, platformVersion: 9}, appium:deviceApiLevel: 28, appium:deviceManufacturer: samsung, appium:deviceModel: SM-G973F, appium:deviceName: RZ8M31132JF, appium:deviceScreenDensity: 411, appium:deviceScreenSize: 1080x2280, appium:deviceUDID: RZ8M31132JF, appium:javascriptEnabled: true, appium:locationContextEnabled: false, appium:networkConnectionEnabled: true, appium:pixelRatio: 2.5687501, appium:platformVersion: 9, appium:statBarHeight: 112, appium:takesScreenshot: true, appium:viewportRect: {height: 1933, left: 0, top: 112, width: 1080}, appium:warnings: {}, appium:webStorageEnabled: false, platformName: ANDROID}
Session ID: 4b51e7a2-f058-40f5-a408-f395def2171d">
      <![CDATA[org.openqa.selenium.NoSuchElementException: An element could not be located on the page using the given search parameters.
For documentation on this error, please visit: https://selenium.dev/exceptions/#no_such_element
Build info: version: '4.6.0', revision: '79f1c02ae20'
System info: os.name: 'Mac OS X', os.arch: 'x86_64', os.version: '13.3.1', java.version: '19.0.1'
Driver info: io.appium.java_client.AppiumDriver
Command: [4b51e7a2-f058-40f5-a408-f395def2171d, findElement {using=xpath, value=//android.view.View[@content-desc="Search for a specific player"]}]
Capabilities {appium:appActivity: org.usga.ui.MainComposeActi..., appium:appPackage: org.usga.qa, appium:automationName: UiAutomator2, appium:databaseEnabled: false, appium:desired: {appActivity: org.usga.ui.MainComposeActi..., appPackage: org.usga.qa, automationName: UiAutomator2, deviceName: SM-G973F, platformName: android, platformVersion: 9}, appium:deviceApiLevel: 28, appium:deviceManufacturer: samsung, appium:deviceModel: SM-G973F, appium:deviceName: RZ8M31132JF, appium:deviceScreenDensity: 411, appium:deviceScreenSize: 1080x2280, appium:deviceUDID: RZ8M31132JF, appium:javascriptEnabled: true, appium:locationContextEnabled: false, appium:networkConnectionEnabled: true, appium:pixelRatio: 2.5687501, appium:platformVersion: 9, appium:statBarHeight: 112, appium:takesScreenshot: true, appium:viewportRect: {height: 1933, left: 0, top: 112, width: 1080}, appium:warnings: {}, appium:webStorageEnabled: false, platformName: ANDROID}
Session ID: 4b51e7a2-f058-40f5-a408-f395def2171d
at java.base/jdk.internal.reflect.DirectConstructorHandleAccessor.newInstance(DirectConstructorHandleAccessor.java:67)
at java.base/java.lang.reflect.Constructor.newInstanceWithCaller(Constructor.java:500)
at java.base/java.lang.reflect.Constructor.newInstance(Constructor.java:484)
at org.openqa.selenium.remote.codec.w3c.W3CHttpResponseCodec.createException(W3CHttpResponseCodec.java:200)
at org.openqa.selenium.remote.codec.w3c.W3CHttpResponseCodec.decode(W3CHttpResponseCodec.java:133)
at org.openqa.selenium.remote.codec.w3c.W3CHttpResponseCodec.decode(W3CHttpResponseCodec.java:53)
at org.openqa.selenium.remote.HttpCommandExecutor.execute(HttpCommandExecutor.java:184)
at io.appium.java_client.remote.AppiumCommandExecutor.execute(AppiumCommandExecutor.java:189)
at org.openqa.selenium.remote.RemoteWebDriver.execute(RemoteWebDriver.java:541)
at org.openqa.selenium.remote.ElementLocation$ElementFinder$2.findElement(ElementLocation.java:162)
at org.openqa.selenium.remote.ElementLocation.findElement(ElementLocation.java:60)
at org.openqa.selenium.remote.RemoteWebDriver.findElement(RemoteWebDriver.java:365)
at org.openqa.selenium.remote.RemoteWebDriver.findElement(RemoteWebDriver.java:357)
at org.openqa.selenium.support.pagefactory.DefaultElementLocator.findElement(DefaultElementLocator.java:70)
at org.openqa.selenium.support.pagefactory.internal.LocatingElementHandler.invoke(LocatingElementHandler.java:39)
at jdk.proxy2/jdk.proxy2.$Proxy15.click(Unknown Source)
at com.usga.qa.screens.SearchPlayer.clicksearchIcon(SearchPlayer.java:57)
at com.usga.qa.screens.VerifyFavPlayerINLeaderboard.searchFvoritedplayer(VerifyFavPlayerINLeaderboard.java:14)
at com.usga.qa.tests.PlayerSearch.verify_favplayer_in_leaderboard(PlayerSearch.java:80)
at java.base/jdk.internal.reflect.DirectMethodHandleAccessor.invoke(DirectMethodHandleAccessor.java:104)
at java.base/java.lang.reflect.Method.invoke(Method.java:578)
at org.testng.internal.invokers.MethodInvocationHelper.invokeMethod(MethodInvocationHelper.java:139)
at org.testng.internal.invokers.TestInvoker.invokeMethod(TestInvoker.java:677)
at org.testng.internal.invokers.TestInvoker.invokeTestMethod(TestInvoker.java:221)
at org.testng.internal.invokers.MethodRunner.runInSequence(MethodRunner.java:50)
at org.testng.internal.invokers.TestInvoker$MethodInvocationAgent.invoke(TestInvoker.java:962)
at org.testng.internal.invokers.TestInvoker.invokeTestMethods(TestInvoker.java:194)
at org.testng.internal.invokers.TestMethodWorker.invokeTestMethods(TestMethodWorker.java:148)
at org.testng.internal.invokers.TestMethodWorker.run(TestMethodWorker.java:128)
at java.base/java.util.ArrayList.forEach(ArrayList.java:1511)
at org.testng.TestRunner.privateRun(TestRunner.java:806)
at org.testng.TestRunner.run(TestRunner.java:601)
at org.testng.SuiteRunner.runTest(SuiteRunner.java:433)
at org.testng.SuiteRunner.runSequentially(SuiteRunner.java:427)
at org.testng.SuiteRunner.privateRun(SuiteRunner.java:387)
at org.testng.SuiteRunner.run(SuiteRunner.java:330)
at org.testng.SuiteRunnerWorker.runSuite(SuiteRunnerWorker.java:52)
at org.testng.SuiteRunnerWorker.run(SuiteRunnerWorker.java:95)
at org.testng.TestNG.runSuitesSequentially(TestNG.java:1256)
at org.testng.TestNG.runSuitesLocally(TestNG.java:1176)
at org.testng.TestNG.runSuites(TestNG.java:1099)
at org.testng.TestNG.run(TestNG.java:1067)
at org.testng.remote.AbstractRemoteTestNG.run(AbstractRemoteTestNG.java:115)
at org.testng.remote.RemoteTestNG.initAndRun(RemoteTestNG.java:251)
at org.testng.remote.RemoteTestNG.main(RemoteTestNG.java:77)
]]>
    </failure>
  </testcase> <!-- verify_favplayer_in_leaderboard -->
</testsuite> <!-- Default test -->
